<?xml version="1.0" encoding="UTF-8"?>
<!-- Generated by org.testng.reporters.JUnitReportReporter -->
<testsuite hostname="Lenovo-PC" name="AppiumScriptsPKG.TapOnSwitch" tests="1" failures="0" timestamp="20 Mar 2016 03:32:46 GMT" time="57.754" errors="0">
  <testcase name="tapSwitchOnOff" time="57.754" classname="AppiumScriptsPKG.TapOnSwitch"/>
</testsuite> <!-- AppiumScriptsPKG.TapOnSwitch -->
