<?xml version="1.0" encoding="UTF-8"?>
<!-- Generated by org.testng.reporters.JUnitReportReporter -->
<testsuite hostname="Lenovo-PC" name="AppiumScriptsPKG.ObjectionLocation" tests="1" failures="0" timestamp="21 Feb 2016 07:21:12 GMT" time="36.089" errors="0">
  <testcase name="Sum" time="36.089" classname="AppiumScriptsPKG.ObjectionLocation"/>
</testsuite> <!-- AppiumScriptsPKG.ObjectionLocation -->
