<?xml version="1.0" encoding="UTF-8"?>
<!-- Generated by org.testng.reporters.JUnitReportReporter -->
<testsuite hostname="Lenovo-PC" name="AppiumScriptsPKG.HybridApp" tests="1" failures="0" timestamp="20 Mar 2016 08:16:33 GMT" time="0.006" errors="0">
  <testcase name="typeInText" time="0.006" classname="AppiumScriptsPKG.HybridApp"/>
</testsuite> <!-- AppiumScriptsPKG.HybridApp -->
