<?xml version="1.0" encoding="UTF-8"?>
<!-- Generated by org.testng.reporters.JUnitReportReporter -->
<testsuite hostname="Lenovo-PC" name="AppiumScriptsPKG.DateSet" tests="2" failures="0" timestamp="13 Mar 2016 07:01:47 GMT" time="122.896" errors="0">
  <testcase name="dateSet" time="85.688" classname="AppiumScriptsPKG.DateSet"/>
  <testcase name="timeSet" time="37.208" classname="AppiumScriptsPKG.DateSet"/>
</testsuite> <!-- AppiumScriptsPKG.DateSet -->
