<?xml version="1.0" encoding="UTF-8"?>
<!-- Generated by org.testng.reporters.JUnitReportReporter -->
<testsuite hostname="Lenovo-PC" name="AppiumScriptsPKG.BrowserAutomationTest" tests="1" failures="0" timestamp="23 Mar 2016 02:24:28 GMT" time="10.027" errors="0">
  <testcase name="launchBrowser" time="10.027" classname="AppiumScriptsPKG.BrowserAutomationTest"/>
</testsuite> <!-- AppiumScriptsPKG.BrowserAutomationTest -->
