<?xml version="1.0" encoding="UTF-8"?>
<!-- Generated by org.testng.reporters.JUnitReportReporter -->
<testsuite hostname="Lenovo-PC" name="AppiumScriptsPKG.DeviceSwipe" tests="2" failures="0" timestamp="13 Mar 2016 04:47:18 GMT" time="58.864" errors="0">
  <testcase name="swipingHorizontal" time="30.202" classname="AppiumScriptsPKG.DeviceSwipe"/>
  <testcase name="swipingVertical" time="28.662" classname="AppiumScriptsPKG.DeviceSwipe"/>
</testsuite> <!-- AppiumScriptsPKG.DeviceSwipe -->
