<?xml version="1.0" encoding="UTF-8"?>
<!-- Generated by org.testng.reporters.JUnitReportReporter -->
<testsuite hostname="Lenovo-PC" name="AppiumScriptsPKG.HandleAlert" tests="1" failures="0" timestamp="13 Mar 2016 05:58:24 GMT" time="30.284" errors="0">
  <testcase name="okOnAlert" time="30.284" classname="AppiumScriptsPKG.HandleAlert"/>
</testsuite> <!-- AppiumScriptsPKG.HandleAlert -->
