<?xml version="1.0" encoding="UTF-8"?>
<!-- Generated by org.testng.reporters.JUnitReportReporter -->
<testsuite hostname="Lenovo-PC" name="AppiumScriptsPKG.ScrollingToText" tests="1" failures="0" timestamp="13 Mar 2016 05:07:03 GMT" time="41.660" errors="0">
  <testcase name="ScrollToText" time="41.660" classname="AppiumScriptsPKG.ScrollingToText"/>
</testsuite> <!-- AppiumScriptsPKG.ScrollingToText -->
