<?xml version="1.0" encoding="UTF-8"?>
<!-- Generated by org.testng.reporters.JUnitReportReporter -->
<testsuite hostname="Lenovo-PC" name="AppiumScriptsPKG.CaptureScreenShot" tests="1" failures="0" timestamp="20 Mar 2016 02:28:37 GMT" time="43.759" errors="0">
  <testcase name="ScrollToTab" time="43.759" classname="AppiumScriptsPKG.CaptureScreenShot"/>
</testsuite> <!-- AppiumScriptsPKG.CaptureScreenShot -->
