<?xml version="1.0" encoding="UTF-8"?>
<!-- Generated by org.testng.reporters.JUnitReportReporter -->
<testsuite hostname="Lenovo-PC" name="AppiumScriptsPKG.SpinerDropDown" tests="1" failures="0" timestamp="13 Mar 2016 06:42:51 GMT" time="59.804" errors="0">
  <testcase name="selectPlanetValue" time="59.804" classname="AppiumScriptsPKG.SpinerDropDown"/>
</testsuite> <!-- AppiumScriptsPKG.SpinerDropDown -->
