<?xml version="1.0" encoding="UTF-8"?>
<!-- Generated by org.testng.reporters.JUnitReportReporter -->
<testsuite hostname="Lenovo-PC" name="AppiumScriptsPKG.NewTest" tests="1" failures="0" timestamp="20 Feb 2016 19:25:31 GMT" time="37.349" errors="0">
  <testcase name="typeInText" time="37.349" classname="AppiumScriptsPKG.NewTest"/>
</testsuite> <!-- AppiumScriptsPKG.NewTest -->
