<?xml version="1.0" encoding="UTF-8"?>
<!-- Generated by org.testng.reporters.JUnitReportReporter -->
<testsuite hostname="Lenovo-PC" name="AppiumScriptsPKG.performOrientation" tests="1" failures="0" timestamp="20 Mar 2016 02:49:01 GMT" time="39.245" errors="0">
  <testcase name="performscreenOrientation" time="39.245" classname="AppiumScriptsPKG.performOrientation"/>
</testsuite> <!-- AppiumScriptsPKG.performOrientation -->
