<?xml version="1.0" encoding="UTF-8"?>
<!-- Generated by org.testng.reporters.JUnitReportReporter -->
<testsuite hostname="Lenovo-PC" name="AppiumScriptsPKG.ScrollTabs" tests="1" failures="0" timestamp="13 Mar 2016 05:41:36 GMT" time="80.409" errors="0">
  <testcase name="ScrollToTab" time="80.409" classname="AppiumScriptsPKG.ScrollTabs"/>
</testsuite> <!-- AppiumScriptsPKG.ScrollTabs -->
